<?xml version="1.0" encoding="UTF-8"?>
<testng-results ignored="0" total="1" passed="1" failed="0" skipped="0">
  <reporter-output>
  </reporter-output>
  <suite started-at="2024-03-28T12:53:01 IST" name="Default suite" finished-at="2024-03-28T12:54:57 IST" duration-ms="116236">
    <groups>
    </groups>
    <test started-at="2024-03-28T12:53:01 IST" name="Default test" finished-at="2024-03-28T12:54:57 IST" duration-ms="116236">
      <class name="Test.ProjectTest">
        <test-method is-config="true" signature="Url()[pri:0, instance:Test.ProjectTest@f6efaab]" started-at="2024-03-28T12:53:02 IST" name="Url" finished-at="2024-03-28T12:53:33 IST" duration-ms="31831" status="PASS">
          <reporter-output>
          </reporter-output>
        </test-method> <!-- Url -->
        <test-method signature="operations()[pri:0, instance:Test.ProjectTest@f6efaab]" started-at="2024-03-28T12:53:34 IST" name="operations" finished-at="2024-03-28T12:54:57 IST" duration-ms="82854" status="PASS">
          <reporter-output>
          </reporter-output>
        </test-method> <!-- operations -->
      </class> <!-- Test.ProjectTest -->
    </test> <!-- Default test -->
  </suite> <!-- Default suite -->
</testng-results>
